<?xml version="1.0" encoding="UTF-8"?>
<!-- Generated by org.testng.reporters.JUnitXMLReporter -->
<testsuite ignored="0" hostname="LAPTOP-PIV5FN12" failures="0" tests="3" name="Test For Chrome" time="100.755" errors="0" timestamp="2020-08-27T20:22:50 IST">
  <testcase classname="com.Test.TripAdvisor" name="firstPage" time="65.952"/>
  <testcase classname="com.Test.TripAdvisor" name="filterPage" time="21.404"/>
  <testcase classname="com.Test.TripAdvisor" name="resultPage" time="1.325"/>
</testsuite> <!-- Test For Chrome -->
