<?xml version="1.0" encoding="UTF-8"?>
<!-- Generated by org.testng.reporters.JUnitXMLReporter -->
<testsuite ignored="0" hostname="LAPTOP-PIV5FN12" failures="0" tests="3" name="Test For Firefox" time="86.903" errors="0" timestamp="2020-08-27T20:24:17 IST">
  <testcase classname="com.Test.TripAdvisor" name="firstPage" time="55.414"/>
  <testcase classname="com.Test.TripAdvisor" name="filterPage" time="22.102"/>
  <testcase classname="com.Test.TripAdvisor" name="resultPage" time="0.387"/>
</testsuite> <!-- Test For Firefox -->
