<?xml version="1.0" encoding="UTF-8"?>
<testng-results ignored="0" total="6" passed="6" failed="0" skipped="0">
  <reporter-output>
  </reporter-output>
  <suite started-at="2020-08-27T20:21:09 IST" name="Suite" finished-at="2020-08-27T20:24:17 IST" duration-ms="187677">
    <groups>
      <group name="regression">
        <method signature="TripAdvisor.filterPage()[pri:2, instance:com.Test.TripAdvisor@6385cb26]" name="filterPage" class="com.Test.TripAdvisor"/>
        <method signature="TripAdvisor.firstPage()[pri:1, instance:com.Test.TripAdvisor@6385cb26]" name="firstPage" class="com.Test.TripAdvisor"/>
        <method signature="TripAdvisor.resultPage()[pri:3, instance:com.Test.TripAdvisor@6385cb26]" name="resultPage" class="com.Test.TripAdvisor"/>
        <method signature="TripAdvisor.filterPage()[pri:2, instance:com.Test.TripAdvisor@279ad2e3]" name="filterPage" class="com.Test.TripAdvisor"/>
        <method signature="TripAdvisor.firstPage()[pri:1, instance:com.Test.TripAdvisor@279ad2e3]" name="firstPage" class="com.Test.TripAdvisor"/>
        <method signature="TripAdvisor.resultPage()[pri:3, instance:com.Test.TripAdvisor@279ad2e3]" name="resultPage" class="com.Test.TripAdvisor"/>
      </group> <!-- regression -->
      <group name="smoke">
        <method signature="TripAdvisor.firstPage()[pri:1, instance:com.Test.TripAdvisor@6385cb26]" name="firstPage" class="com.Test.TripAdvisor"/>
        <method signature="TripAdvisor.firstPage()[pri:1, instance:com.Test.TripAdvisor@279ad2e3]" name="firstPage" class="com.Test.TripAdvisor"/>
      </group> <!-- smoke -->
    </groups>
    <test started-at="2020-08-27T20:21:09 IST" name="Test For Chrome" finished-at="2020-08-27T20:22:50 IST" duration-ms="100755">
      <class name="com.Test.TripAdvisor">
        <test-method is-config="true" signature="Set(java.lang.String)[pri:0, instance:com.Test.TripAdvisor@6385cb26]" started-at="2020-08-27T20:21:09 IST" name="Set" finished-at="2020-08-27T20:21:20 IST" duration-ms="10761" status="PASS">
          <params>
            <param index="0">
              <value>
                <![CDATA[chrome]]>
              </value>
            </param>
          </params>
          <reporter-output>
          </reporter-output>
        </test-method> <!-- Set -->
        <test-method signature="firstPage()[pri:1, instance:com.Test.TripAdvisor@6385cb26]" started-at="2020-08-27T20:21:20 IST" name="firstPage" finished-at="2020-08-27T20:22:26 IST" duration-ms="65952" status="PASS">
          <reporter-output>
          </reporter-output>
        </test-method> <!-- firstPage -->
        <test-method signature="filterPage()[pri:2, instance:com.Test.TripAdvisor@6385cb26]" started-at="2020-08-27T20:22:26 IST" name="filterPage" finished-at="2020-08-27T20:22:47 IST" duration-ms="21404" status="PASS">
          <reporter-output>
          </reporter-output>
        </test-method> <!-- filterPage -->
        <test-method signature="resultPage()[pri:3, instance:com.Test.TripAdvisor@6385cb26]" started-at="2020-08-27T20:22:47 IST" name="resultPage" finished-at="2020-08-27T20:22:49 IST" duration-ms="1325" status="PASS">
          <reporter-output>
          </reporter-output>
        </test-method> <!-- resultPage -->
        <test-method is-config="true" signature="closeAll()[pri:0, instance:com.Test.TripAdvisor@6385cb26]" started-at="2020-08-27T20:22:49 IST" name="closeAll" finished-at="2020-08-27T20:22:50 IST" duration-ms="1285" status="PASS">
          <reporter-output>
          </reporter-output>
        </test-method> <!-- closeAll -->
      </class> <!-- com.Test.TripAdvisor -->
    </test> <!-- Test For Chrome -->
    <test started-at="2020-08-27T20:22:50 IST" name="Test For Firefox" finished-at="2020-08-27T20:24:17 IST" duration-ms="86903">
      <class name="com.Test.TripAdvisor">
        <test-method is-config="true" signature="Set(java.lang.String)[pri:0, instance:com.Test.TripAdvisor@279ad2e3]" started-at="2020-08-27T20:22:50 IST" name="Set" finished-at="2020-08-27T20:22:57 IST" duration-ms="6661" status="PASS">
          <params>
            <param index="0">
              <value>
                <![CDATA[firefox]]>
              </value>
            </param>
          </params>
          <reporter-output>
          </reporter-output>
        </test-method> <!-- Set -->
        <test-method signature="firstPage()[pri:1, instance:com.Test.TripAdvisor@279ad2e3]" started-at="2020-08-27T20:22:57 IST" name="firstPage" finished-at="2020-08-27T20:23:52 IST" duration-ms="55414" status="PASS">
          <reporter-output>
          </reporter-output>
        </test-method> <!-- firstPage -->
        <test-method signature="filterPage()[pri:2, instance:com.Test.TripAdvisor@279ad2e3]" started-at="2020-08-27T20:23:52 IST" name="filterPage" finished-at="2020-08-27T20:24:14 IST" duration-ms="22102" status="PASS">
          <reporter-output>
          </reporter-output>
        </test-method> <!-- filterPage -->
        <test-method signature="resultPage()[pri:3, instance:com.Test.TripAdvisor@279ad2e3]" started-at="2020-08-27T20:24:14 IST" name="resultPage" finished-at="2020-08-27T20:24:14 IST" duration-ms="387" status="PASS">
          <reporter-output>
          </reporter-output>
        </test-method> <!-- resultPage -->
        <test-method is-config="true" signature="closeAll()[pri:0, instance:com.Test.TripAdvisor@279ad2e3]" started-at="2020-08-27T20:24:14 IST" name="closeAll" finished-at="2020-08-27T20:24:17 IST" duration-ms="2336" status="PASS">
          <reporter-output>
          </reporter-output>
        </test-method> <!-- closeAll -->
      </class> <!-- com.Test.TripAdvisor -->
    </test> <!-- Test For Firefox -->
  </suite> <!-- Suite -->
</testng-results>
