<?xml version="1.0" encoding="UTF-8"?>
<testsuite xmlns:xsi="http://www.w3.org/2001/XMLSchema-instance" xsi:schemaLocation="https://maven.apache.org/surefire/maven-surefire-plugin/xsd/surefire-test-report.xsd" name="TestSuite" time="33.749" tests="4" errors="0" skipped="0" failures="2">
  <properties>
[...]
</properties>
  <testcase name="getUrl" classname="Testing.Tests" time="5.663"/>
  <testcase name="landingPage" classname="Testing.Tests" time="16.978">
    <failure message="no such element: Unable to locate element: {&quot;method&quot;:&quot;xpath&quot;,&quot;selector&quot;:&quot;//div[@class=&apos;_3ULdV0X_ &apos; and @aria-label=&apos;Tue Aug 18 2020&apos;]&quot;}&#10;  (Session info: chrome=84.0.4147.125)&#10;For documentation on this error, please visit: https://www.seleniumhq.org/exceptions/no_such_element.html&#10;Build info: version: &apos;3.141.59&apos;, revision: &apos;e82be7d358&apos;, time: &apos;2018-11-14T08:17:03&apos;&#10;System info: host: &apos;LAPTOP-PIV5FN12&apos;, ip: &apos;192.168.56.1&apos;, os.name: &apos;Windows 10&apos;, os.arch: &apos;amd64&apos;, os.version: &apos;10.0&apos;, java.version: &apos;13.0.2&apos;&#10;Driver info: org.openqa.selenium.chrome.ChromeDriver&#10;Capabilities {acceptInsecureCerts: false, browserName: chrome, browserVersion: 84.0.4147.125, chrome: {chromedriverVersion: 84.0.4147.30 (48b3e868b4cc0..., userDataDir: C:\Users\asus\AppData\Local...}, goog:chromeOptions: {debuggerAddress: localhost:62630}, javascriptEnabled: true, networkConnectionEnabled: false, pageLoadStrategy: normal, platform: WINDOWS, platformName: WINDOWS, proxy: Proxy(), setWindowRect: true, strictFileInteractability: false, timeouts: {implicit: 0, pageLoad: 300000, script: 30000}, unhandledPromptBehavior: dismiss and notify, webauthn:virtualAuthenticators: true}&#10;Session ID: aa1885cf401670b572b3dfc564570192&#10;*** Element info: {Using=xpath, value=//div[@class=&apos;_3ULdV0X_ &apos; and @aria-label=&apos;Tue Aug 18 2020&apos;]}" type="org.openqa.selenium.NoSuchElementException">org.openqa.selenium.NoSuchElementException: 
no such element: Unable to locate element: {"method":"xpath","selector":"//div[@class='_3ULdV0X_ ' and @aria-label='Tue Aug 18 2020']"}
  (Session info: chrome=84.0.4147.125)
For documentation on this error, please visit: https://www.seleniumhq.org/exceptions/no_such_element.html
Build info: version: '3.141.59', revision: 'e82be7d358', time: '2018-11-14T08:17:03'
System info: host: 'LAPTOP-PIV5FN12', ip: '192.168.56.1', os.name: 'Windows 10', os.arch: 'amd64', os.version: '10.0', java.version: '13.0.2'
Driver info: org.openqa.selenium.chrome.ChromeDriver
Capabilities {acceptInsecureCerts: false, browserName: chrome, browserVersion: 84.0.4147.125, chrome: {chromedriverVersion: 84.0.4147.30 (48b3e868b4cc0..., userDataDir: C:\Users\asus\AppData\Local...}, goog:chromeOptions: {debuggerAddress: localhost:62630}, javascriptEnabled: true, networkConnectionEnabled: false, pageLoadStrategy: normal, platform: WINDOWS, platformName: WINDOWS, proxy: Proxy(), setWindowRect: true, strictFileInteractability: false, timeouts: {implicit: 0, pageLoad: 300000, script: 30000}, unhandledPromptBehavior: dismiss and notify, webauthn:virtualAuthenticators: true}
Session ID: aa1885cf401670b572b3dfc564570192
*** Element info: {Using=xpath, value=//div[@class='_3ULdV0X_ ' and @aria-label='Tue Aug 18 2020']}
	at Testing.Tests.landingPage(Tests.java:60)
</failure>
  </testcase>
  <testcase name="filterPage" classname="Testing.Tests" time="5.275">
    <failure message="no such element: Unable to locate element: {&quot;method&quot;:&quot;css selector&quot;,&quot;selector&quot;:&quot;#component_2 &gt; div &gt; div.delineation &gt; div &gt; div &gt; div._3PlsTJV5 &gt; div &gt; div &gt; div:nth-child(12) &gt; div._3kI1z_wP.v8kb8R34 &gt; span._3ncH7U-p&quot;}&#10;  (Session info: chrome=84.0.4147.125)&#10;For documentation on this error, please visit: https://www.seleniumhq.org/exceptions/no_such_element.html&#10;Build info: version: &apos;3.141.59&apos;, revision: &apos;e82be7d358&apos;, time: &apos;2018-11-14T08:17:03&apos;&#10;System info: host: &apos;LAPTOP-PIV5FN12&apos;, ip: &apos;192.168.56.1&apos;, os.name: &apos;Windows 10&apos;, os.arch: &apos;amd64&apos;, os.version: &apos;10.0&apos;, java.version: &apos;13.0.2&apos;&#10;Driver info: org.openqa.selenium.chrome.ChromeDriver&#10;Capabilities {acceptInsecureCerts: false, browserName: chrome, browserVersion: 84.0.4147.125, chrome: {chromedriverVersion: 84.0.4147.30 (48b3e868b4cc0..., userDataDir: C:\Users\asus\AppData\Local...}, goog:chromeOptions: {debuggerAddress: localhost:62630}, javascriptEnabled: true, networkConnectionEnabled: false, pageLoadStrategy: normal, platform: WINDOWS, platformName: WINDOWS, proxy: Proxy(), setWindowRect: true, strictFileInteractability: false, timeouts: {implicit: 0, pageLoad: 300000, script: 30000}, unhandledPromptBehavior: dismiss and notify, webauthn:virtualAuthenticators: true}&#10;Session ID: aa1885cf401670b572b3dfc564570192&#10;*** Element info: {Using=css selector, value=#component_2 &gt; div &gt; div.delineation &gt; div &gt; div &gt; div._3PlsTJV5 &gt; div &gt; div &gt; div:nth-child(12) &gt; div._3kI1z_wP.v8kb8R34 &gt; span._3ncH7U-p}" type="org.openqa.selenium.NoSuchElementException">org.openqa.selenium.NoSuchElementException: 
no such element: Unable to locate element: {"method":"css selector","selector":"#component_2 > div > div.delineation > div > div > div._3PlsTJV5 > div > div > div:nth-child(12) > div._3kI1z_wP.v8kb8R34 > span._3ncH7U-p"}
  (Session info: chrome=84.0.4147.125)
For documentation on this error, please visit: https://www.seleniumhq.org/exceptions/no_such_element.html
Build info: version: '3.141.59', revision: 'e82be7d358', time: '2018-11-14T08:17:03'
System info: host: 'LAPTOP-PIV5FN12', ip: '192.168.56.1', os.name: 'Windows 10', os.arch: 'amd64', os.version: '10.0', java.version: '13.0.2'
Driver info: org.openqa.selenium.chrome.ChromeDriver
Capabilities {acceptInsecureCerts: false, browserName: chrome, browserVersion: 84.0.4147.125, chrome: {chromedriverVersion: 84.0.4147.30 (48b3e868b4cc0..., userDataDir: C:\Users\asus\AppData\Local...}, goog:chromeOptions: {debuggerAddress: localhost:62630}, javascriptEnabled: true, networkConnectionEnabled: false, pageLoadStrategy: normal, platform: WINDOWS, platformName: WINDOWS, proxy: Proxy(), setWindowRect: true, strictFileInteractability: false, timeouts: {implicit: 0, pageLoad: 300000, script: 30000}, unhandledPromptBehavior: dismiss and notify, webauthn:virtualAuthenticators: true}
Session ID: aa1885cf401670b572b3dfc564570192
*** Element info: {Using=css selector, value=#component_2 > div > div.delineation > div > div > div._3PlsTJV5 > div > div > div:nth-child(12) > div._3kI1z_wP.v8kb8R34 > span._3ncH7U-p}
	at Testing.Tests.filterPage(Tests.java:88)
</failure>
  </testcase>
  <testcase name="resultsPage" classname="Testing.Tests" time="0.045"/>
</testsuite>