<?xml version="1.0" encoding="UTF-8"?>
<testsuite xmlns:xsi="http://www.w3.org/2001/XMLSchema-instance" xsi:schemaLocation="https://maven.apache.org/surefire/maven-surefire-plugin/xsd/surefire-test-report.xsd" name="TestSuite" time="188.235" tests="6" errors="0" skipped="0" failures="0">
  <properties>
[...]
</properties>
  <testcase name="firstPage" classname="com.Test.TripAdvisor" time="65.955"/>
  <testcase name="firstPage" classname="com.Test.TripAdvisor" time="55.414"/>
  <testcase name="filterPage" classname="com.Test.TripAdvisor" time="21.405"/>
  <testcase name="filterPage" classname="com.Test.TripAdvisor" time="22.102"/>
  <testcase name="resultPage" classname="com.Test.TripAdvisor" time="1.326"/>
  <testcase name="resultPage" classname="com.Test.TripAdvisor" time="0.387"/>
</testsuite>